<?xml version="1.0" encoding="UTF-8"?>
<!-- Generated by org.testng.reporters.JUnitReportReporter -->
<testsuite hostname="Simmering" name="TestNG_Call_Report" tests="1" failures="0" timestamp="29 Dec 2019 09:21:49 GMT" time="36.745" errors="0">
  <testcase name="callReport" time="36.745" classname="TestNG_Call_Report"/>
</testsuite> <!-- TestNG_Call_Report -->
