<?xml version="1.0" encoding="UTF-8"?>
<!-- Generated by org.testng.reporters.JUnitReportReporter -->
<testsuite hostname="Simmering" name="TestNG_Call_Report" tests="1" failures="0" timestamp="29 Dec 2019 08:35:57 GMT" time="16.560" errors="0">
  <testcase name="callReport" time="16.560" classname="TestNG_Call_Report"/>
</testsuite> <!-- TestNG_Call_Report -->
