<?xml version="1.0" encoding="UTF-8"?>
<!-- Generated by org.testng.reporters.JUnitReportReporter -->
<testsuite hostname="Simmering" name="test.day1" tests="4" failures="0" timestamp="10 Nov 2019 07:58:17 GMT" time="6.360" errors="0">
  <testcase name="OpeningBrowser" time="2.723" classname="test.day1"/>
  <testcase name="SecondTest" time="0.001" classname="test.day1"/>
  <testcase name="Demo" time="0.002" classname="test.day1"/>
  <testcase name="Login" time="3.634" classname="test.day1"/>
</testsuite> <!-- test.day1 -->
