<?xml version="1.0" encoding="UTF-8"?>
<!-- Generated by org.testng.reporters.JUnitReportReporter -->
<testsuite hostname="Simmering" name="test.day3" tests="5" failures="0" timestamp="6 Nov 2019 07:23:14 GMT" time="0.049" errors="0">
  <testcase name="WebloginCarLoan" time="0.007" classname="test.day3"/>
  <testcase name="MobilesignoutcarLoan" time="0.003" classname="test.day3"/>
  <testcase name="MobilesignoutcarLoan" time="0.004" classname="test.day3"/>
  <testcase name="MobilesignoutcarLoan" time="0.031" classname="test.day3"/>
  <testcase name="MobileLogincarLoan" time="0.004" classname="test.day3"/>
</testsuite> <!-- test.day3 -->
