<?xml version="1.0" encoding="UTF-8"?>
<!-- Generated by org.testng.reporters.JUnitReportReporter -->
<testsuite hostname="Simmering" name="test.day4" tests="3" failures="0" timestamp="6 Nov 2019 07:23:14 GMT" time="0.015" errors="0">
  <testcase name="WebloginHomeLoan" time="0.004" classname="test.day4"/>
  <testcase name="MobileLoginHomeLoan" time="0.008" classname="test.day4"/>
  <testcase name="LoginAPIHomeLoan" time="0.003" classname="test.day4"/>
</testsuite> <!-- test.day4 -->
