<?xml version="1.0" encoding="UTF-8"?>
<!-- Generated by org.testng.reporters.JUnitReportReporter -->
<testsuite hostname="Simmering" name="test.Annot2" tests="1" failures="0" timestamp="10 Nov 2019 07:53:57 GMT" time="3.305" errors="0">
  <testcase name="Login" time="3.305" classname="test.Annot2"/>
</testsuite> <!-- test.Annot2 -->
