<?xml version="1.0" encoding="UTF-8"?>
<!-- Generated by org.testng.reporters.JUnitReportReporter -->
<testsuite hostname="Simmering" name="test.day2" tests="1" failures="0" timestamp="6 Nov 2019 07:23:14 GMT" time="0.003" errors="0">
  <testcase name="ploan" time="0.003" classname="test.day2"/>
</testsuite> <!-- test.day2 -->
