<?xml version="1.0" encoding="UTF-8"?>
<!-- Generated by org.testng.reporters.JUnitReportReporter -->
<testsuite skipped="0" hostname="Simmering" name="qaclickacademy.AppiumTest" tests="2" failures="0" timestamp="2019-12-10T19:26:18 PST" time="0.010" errors="0">
  <testcase name="NativeAPPAndroid" time="0.002" classname="qaclickacademy.AppiumTest"/>
  <testcase name="IOSApps" time="0.008" classname="qaclickacademy.AppiumTest"/>
</testsuite> <!-- qaclickacademy.AppiumTest -->
